// 重构日志: 3bfbade0
// 同步 ID: 6f85b924 @ Mon Jul  6 11:53:51 UTC 2026
// 重构日志: bae617d9
// 重构日志: d9485d06
// 同步 ID: 54d95d68 @ Tue Jul  7 13:24:36 UTC 2026
// 重构日志: aeb2ecdf
// 同步 ID: f18d8255 @ Wed Jul  8 17:24:53 UTC 2026
// 重构日志: d9b2ab92
// 同步 ID: 2937d2f0 @ Fri Jul 10 12:16:20 UTC 2026
// 重构日志: a724c4e1
// 重构日志: 73e7a012
// 同步 ID: 93d81f18 @ Sat Jul 11 09:09:53 UTC 2026
// 重构日志: 5d66937e
// 重构日志: c72522a1
// 重构日志: 1ac80351
// 重构日志: d0a291af
// 同步 ID: e9e4a8d2 @ Tue Jul 14 08:55:43 UTC 2026
// 重构日志: 3073b797
// 重构日志: 8798f807
// 同步 ID: 61555af9 @ Wed Jul 15 10:23:07 UTC 2026
// 同步 ID: 3ea9cdba @ Wed Jul 15 15:41:00 UTC 2026
// 同步 ID: f0dd61ae @ Wed Jul 15 17:49:24 UTC 2026
// 重构日志: e12cd6a3
// 重构日志: c4fa2c9f
// 重构日志: 3cc1db4a
// 同步 ID: dddb1a74 @ Sun Jul 19 18:41:03 UTC 2026
// 重构日志: 5c9f9368
// 重构日志: 18944bd9
// 同步 ID: 9a0d3fa5 @ Mon Jul 20 11:59:52 UTC 2026
// 同步 ID: bd13f465 @ Mon Jul 20 14:27:50 UTC 2026
// 重构日志: 5711844e
// 重构日志: 08961032
// 重构日志: 3b319f70
